<?xml version="1.0" encoding="UTF-8"?>
<!-- Generated by org.testng.reporters.JUnitXMLReporter -->
<testsuite hostname="devops182" ignored="0" name="Test" tests="15" failures="0" timestamp="23 Dec 2017 09:27:26 GMT" time="145.715" errors="0">
  <testcase name="Tc6" time="17.993" classname="jpetStoreckg.catalogueDetailPage4"/>
  <testcase name="Tc7" time="8.181" classname="jpetStoreckg.catalogueDetailPage5"/>
  <testcase name="Tc15" time="13.323" classname="jpetStoreckg.Register"/>
  <testcase name="Tc3" time="7.154" classname="jpetStoreckg.catalogueDetailPage"/>
  <testcase name="Tc4" time="5.993" classname="jpetStoreckg.catalogueDetailPage2"/>
  <testcase name="Tc5" time="10.512" classname="jpetStoreckg.catalogueDetailPage3"/>
  <testcase name="Tc8" time="8.184" classname="jpetStoreckg.catalogueTest"/>
  <testcase name="Tc16" time="13.451" classname="jpetStoreckg.signOut"/>
  <testcase name="Tc1" time="6.41" classname="jpetStoreckg.baseTestClass"/>
  <testcase name="Tc13" time="9.609" classname="jpetStoreckg.homePageNavigation"/>
  <testcase name="Tc11" time="8.25" classname="jpetStoreckg.catalogueTest4"/>
  <testcase name="Tc12" time="4.845" classname="jpetStoreckg.catalogueTest5"/>
  <testcase name="Tc9" time="13.846" classname="jpetStoreckg.catalogueTest2"/>
  <testcase name="Tc10" time="11.242" classname="jpetStoreckg.catalogueTest3"/>
  <testcase name="Tc2" time="6.639" classname="jpetStoreckg.cartPage"/>
</testsuite> <!-- Test -->
