<?xml version="1.0" encoding="UTF-8"?>
<testsuite xmlns:xsi="http://www.w3.org/2001/XMLSchema-instance" xsi:noNamespaceSchemaLocation="https://maven.apache.org/surefire/maven-surefire-plugin/xsd/surefire-test-report.xsd" name="TestSuite" time="146.747" tests="15" errors="0" skipped="0" failures="0">
  <properties>
[...]
</properties>
  <testcase name="Tc6" classname="jpetStoreckg.catalogueDetailPage4" time="17.992"/>
  <testcase name="Tc7" classname="jpetStoreckg.catalogueDetailPage5" time="8.223"/>
  <testcase name="Tc15" classname="jpetStoreckg.Register" time="13.275"/>
  <testcase name="Tc3" classname="jpetStoreckg.catalogueDetailPage" time="7.142"/>
  <testcase name="Tc4" classname="jpetStoreckg.catalogueDetailPage2" time="6.07"/>
  <testcase name="Tc5" classname="jpetStoreckg.catalogueDetailPage3" time="10.298"/>
  <testcase name="Tc8" classname="jpetStoreckg.catalogueTest" time="8.246"/>
  <testcase name="Tc16" classname="jpetStoreckg.signOut" time="13.353"/>
  <testcase name="Tc1" classname="jpetStoreckg.baseTestClass" time="6.425"/>
  <testcase name="Tc13" classname="jpetStoreckg.homePageNavigation" time="9.61"/>
  <testcase name="Tc11" classname="jpetStoreckg.catalogueTest4" time="8.298"/>
  <testcase name="Tc12" classname="jpetStoreckg.catalogueTest5" time="4.788"/>
  <testcase name="Tc9" classname="jpetStoreckg.catalogueTest2" time="13.83"/>
  <testcase name="Tc10" classname="jpetStoreckg.catalogueTest3" time="11.234"/>
  <testcase name="Tc2" classname="jpetStoreckg.cartPage" time="6.689"/>
</testsuite>