<?xml version="1.0" encoding="UTF-8"?>
<testng-results skipped="0" failed="0" ignored="0" total="1" passed="1">
  <reporter-output>
  </reporter-output>
  <suite name="Default suite" duration-ms="7510" started-at="2017-12-20T12:15:27Z" finished-at="2017-12-20T12:15:34Z">
    <groups>
    </groups>
    <test name="Default test" duration-ms="7510" started-at="2017-12-20T12:15:27Z" finished-at="2017-12-20T12:15:34Z">
      <class name="jpetStoreckg.cartPage">
        <test-method status="PASS" signature="Tc2()[pri:0, instance:jpetStoreckg.cartPage@4c70fda8]" name="Tc2" duration-ms="7472" started-at="2017-12-20T04:15:27Z" finished-at="2017-12-20T04:15:34Z">
          <reporter-output>
          </reporter-output>
        </test-method> <!-- Tc2 -->
      </class> <!-- jpetStoreckg.cartPage -->
    </test> <!-- Default test -->
  </suite> <!-- Default suite -->
</testng-results>
